0 info it worked if it ends with ok
1 verbose cli [ '/usr/local/Cellar/node/0.10.24/bin/node',
1 verbose cli   '/usr/local/bin/npm',
1 verbose cli   'install' ]
2 info using npm@1.3.21
3 info using node@v0.10.24
4 warn package.json defcon1@0.1.0 No repository field.
5 verbose readDependencies using package.json deps
6 verbose install where, deps [ '/Users/ben/src/defconone',
6 verbose install   [ 'express', 'jade', 'sendgrid', 'forms', 'telapi', 'mongodb' ] ]
7 info preinstall defcon1@0.1.0
8 warn package.json express-messages@0.0.2 No repository field.
9 verbose readDependencies using package.json deps
10 verbose already installed skipping forms@0.2.3 /Users/ben/src/defconone
11 verbose already installed skipping express@3.3.6 /Users/ben/src/defconone
12 verbose already installed skipping jade@* /Users/ben/src/defconone
13 verbose already installed skipping telapi@0.2.2 /Users/ben/src/defconone
14 verbose already installed skipping sendgrid@0.3.0-rc.1.5 /Users/ben/src/defconone
15 verbose already installed skipping mongodb@1.3.19 /Users/ben/src/defconone
16 silly resolved []
17 info build /Users/ben/src/defconone
18 verbose linkStuff [ false, false, false, '/Users/ben/src' ]
19 info linkStuff defcon1@0.1.0
20 verbose linkBins defcon1@0.1.0
21 verbose linkMans defcon1@0.1.0
22 verbose rebuildBundles defcon1@0.1.0
23 verbose rebuildBundles [ '.bin',
23 verbose rebuildBundles   'bcrypt',
23 verbose rebuildBundles   'connect-flash',
23 verbose rebuildBundles   'connect-mongo',
23 verbose rebuildBundles   'everyauth',
23 verbose rebuildBundles   'express',
23 verbose rebuildBundles   'express-messages',
23 verbose rebuildBundles   'express-messages-bootstrap',
23 verbose rebuildBundles   'forms',
23 verbose rebuildBundles   'googleclientlogin',
23 verbose rebuildBundles   'jade',
23 verbose rebuildBundles   'mongodb',
23 verbose rebuildBundles   'mongojs',
23 verbose rebuildBundles   'mongoose',
23 verbose rebuildBundles   'mongoose-auth',
23 verbose rebuildBundles   'node-gyp',
23 verbose rebuildBundles   'passport',
23 verbose rebuildBundles   'passport-google',
23 verbose rebuildBundles   'passport-local',
23 verbose rebuildBundles   'passport-local-mongoose',
23 verbose rebuildBundles   'pg',
23 verbose rebuildBundles   'sendgrid',
23 verbose rebuildBundles   'telapi',
23 verbose rebuildBundles   'voice',
23 verbose rebuildBundles   'voice.js' ]
24 verbose rebuild bundle /Users/ben/src/defconone/node_modules/bcrypt
25 info build /Users/ben/src/defconone/node_modules/bcrypt
26 info preinstall bcrypt@0.7.7
27 verbose linkStuff [ false, false, false, '/Users/ben/src/defconone/node_modules' ]
28 info linkStuff bcrypt@0.7.7
29 verbose linkBins bcrypt@0.7.7
30 verbose linkMans bcrypt@0.7.7
31 verbose rebuildBundles bcrypt@0.7.7
32 verbose rebuildBundles [ 'bindings' ]
33 info install bcrypt@0.7.7
34 verbose unsafe-perm in lifecycle true
35 info bcrypt@0.7.7 Failed to exec install script
36 error bcrypt@0.7.7 install: `node-gyp rebuild`
36 error Exit status 1
37 error Failed at the bcrypt@0.7.7 install script.
37 error This is most likely a problem with the bcrypt package,
37 error not with npm itself.
37 error Tell the author that this fails on your system:
37 error     node-gyp rebuild
37 error You can get their info via:
37 error     npm owner ls bcrypt
37 error There is likely additional logging output above.
38 error System Darwin 13.0.0
39 error command "/usr/local/Cellar/node/0.10.24/bin/node" "/usr/local/bin/npm" "install"
40 error cwd /Users/ben/src/defconone
41 error node -v v0.10.24
42 error npm -v 1.3.21
43 error code ELIFECYCLE
44 verbose exit [ 1, true ]
